0 verbose cli C:\Program Files\nodejs\node.exe C:\Users\Rober\AppData\Roaming\npm\node_modules\npm\bin\npm-cli.js
1 info using npm@10.2.4
2 info using node@v18.17.0
3 timing npm:load:whichnode Completed in 4ms
4 timing config:load:defaults Completed in 9ms
5 timing config:load:file:C:\Users\Rober\AppData\Roaming\npm\node_modules\npm\npmrc Completed in 7ms
6 timing config:load:builtin Completed in 8ms
7 timing config:load:cli Completed in 2ms
8 timing config:load:env Completed in 1ms
9 timing config:load:file:C:\Users\Rober\Music\projects\NeoSnipe\.npmrc Completed in 1ms
10 timing config:load:project Completed in 5ms
11 timing config:load:file:C:\Users\Rober\.npmrc Completed in 0ms
12 timing config:load:user Completed in 1ms
13 timing config:load:file:C:\Users\Rober\AppData\Roaming\npm\etc\npmrc Completed in 0ms
14 timing config:load:global Completed in 1ms
15 timing config:load:setEnvs Completed in 2ms
16 timing config:load Completed in 29ms
17 timing npm:load:configload Completed in 29ms
18 timing config:load:flatten Completed in 4ms
19 timing npm:load:mkdirpcache Completed in 1ms
20 timing npm:load:mkdirplogs Completed in 1ms
21 verbose title npm install
22 verbose argv "install"
23 timing npm:load:setTitle Completed in 3ms
24 timing npm:load:display Completed in 1ms
25 verbose logfile logs-max:10 dir:C:\Users\Rober\AppData\Local\npm-cache\_logs\2025-01-31T22_30_03_486Z-
26 verbose logfile C:\Users\Rober\AppData\Local\npm-cache\_logs\2025-01-31T22_30_03_486Z-debug-0.log
27 timing npm:load:logFile Completed in 24ms
28 timing npm:load:timers Completed in 0ms
29 timing npm:load:configScope Completed in 0ms
30 timing npm:load Completed in 116ms
31 timing arborist:ctor Completed in 1ms
32 silly logfile start cleaning logs, removing 2 files
33 silly logfile done cleaning log files
34 timing idealTree:init Completed in 1083ms
35 timing idealTree:userRequests Completed in 0ms
36 silly idealTree buildDeps
37 timing idealTree:#root Completed in 0ms
38 timing idealTree:buildDeps Completed in 3ms
39 timing idealTree:fixDepFlags Completed in 0ms
40 timing idealTree Completed in 1107ms
41 timing arborist:ctor Completed in 1ms
42 timing reify:loadTrees Completed in 1537ms
43 timing reify:diffTrees Completed in 43ms
44 silly reify moves {}
45 timing reify:retireShallow Completed in 2ms
46 timing reify:createSparse Completed in 9ms
47 timing reify:loadBundles Completed in 0ms
48 silly audit bulk request {
48 silly audit   '@adobe/css-tools': [ '4.4.1' ],
48 silly audit   '@alloc/quick-lru': [ '5.2.0' ],
48 silly audit   '@ampproject/remapping': [ '2.3.0' ],
48 silly audit   '@babel/code-frame': [ '7.26.2' ],
48 silly audit   '@babel/compat-data': [ '7.26.5' ],
48 silly audit   '@babel/core': [ '7.26.7' ],
48 silly audit   'convert-source-map': [ '2.0.0', '1.9.0' ],
48 silly audit   semver: [ '6.3.1', '7.7.0' ],
48 silly audit   '@babel/generator': [ '7.26.5' ],
48 silly audit   '@babel/helper-compilation-targets': [ '7.26.5' ],
48 silly audit   '@babel/helper-module-imports': [ '7.25.9' ],
48 silly audit   '@babel/helper-module-transforms': [ '7.26.0' ],
48 silly audit   '@babel/helper-plugin-utils': [ '7.26.5' ],
48 silly audit   '@babel/helper-string-parser': [ '7.25.9' ],
48 silly audit   '@babel/helper-validator-identifier': [ '7.25.9' ],
48 silly audit   '@babel/helper-validator-option': [ '7.25.9' ],
48 silly audit   '@babel/helpers': [ '7.26.7' ],
48 silly audit   '@babel/parser': [ '7.26.7' ],
48 silly audit   '@babel/plugin-syntax-async-generators': [ '7.8.4' ],
48 silly audit   '@babel/plugin-syntax-bigint': [ '7.8.3' ],
48 silly audit   '@babel/plugin-syntax-class-properties': [ '7.12.13' ],
48 silly audit   '@babel/plugin-syntax-class-static-block': [ '7.14.5' ],
48 silly audit   '@babel/plugin-syntax-import-attributes': [ '7.26.0' ],
48 silly audit   '@babel/plugin-syntax-import-meta': [ '7.10.4' ],
48 silly audit   '@babel/plugin-syntax-json-strings': [ '7.8.3' ],
48 silly audit   '@babel/plugin-syntax-jsx': [ '7.25.9' ],
48 silly audit   '@babel/plugin-syntax-logical-assignment-operators': [ '7.10.4' ],
48 silly audit   '@babel/plugin-syntax-nullish-coalescing-operator': [ '7.8.3' ],
48 silly audit   '@babel/plugin-syntax-numeric-separator': [ '7.10.4' ],
48 silly audit   '@babel/plugin-syntax-object-rest-spread': [ '7.8.3' ],
48 silly audit   '@babel/plugin-syntax-optional-catch-binding': [ '7.8.3' ],
48 silly audit   '@babel/plugin-syntax-optional-chaining': [ '7.8.3' ],
48 silly audit   '@babel/plugin-syntax-private-property-in-object': [ '7.14.5' ],
48 silly audit   '@babel/plugin-syntax-top-level-await': [ '7.14.5' ],
48 silly audit   '@babel/plugin-syntax-typescript': [ '7.25.9' ],
48 silly audit   '@babel/runtime': [ '7.26.7' ],
48 silly audit   '@babel/template': [ '7.25.9' ],
48 silly audit   '@babel/traverse': [ '7.26.7' ],
48 silly audit   '@babel/types': [ '7.26.7' ],
48 silly audit   '@bcoe/v8-coverage': [ '0.2.3' ],
48 silly audit   '@choojs/findup': [ '0.2.1' ],
48 silly audit   commander: [ '2.20.3', '7.2.0', '4.1.1', '10.0.1' ],
48 silly audit   '@csstools/cascade-layer-name-parser': [ '1.0.13' ],
48 silly audit   '@csstools/color-helpers': [ '4.2.1' ],
48 silly audit   '@csstools/css-calc': [ '1.2.4' ],
48 silly audit   '@csstools/css-color-parser': [ '2.0.5' ],
48 silly audit   '@csstools/css-parser-algorithms': [ '2.7.1' ],
48 silly audit   '@csstools/css-tokenizer': [ '2.4.1' ],
48 silly audit   '@csstools/media-query-list-parser': [ '2.1.13' ],
48 silly audit   '@csstools/postcss-cascade-layers': [ '4.0.6' ],
48 silly audit   '@csstools/postcss-color-function': [ '3.0.19' ],
48 silly audit   '@csstools/postcss-color-mix-function': [ '2.0.19' ],
48 silly audit   '@csstools/postcss-content-alt-text': [ '1.0.0' ],
48 silly audit   '@csstools/postcss-exponential-functions': [ '1.0.9' ],
48 silly audit   '@csstools/postcss-font-format-keywords': [ '3.0.2' ],
48 silly audit   '@csstools/postcss-gamut-mapping': [ '1.0.11' ],
48 silly audit   '@csstools/postcss-gradients-interpolation-method': [ '4.0.20' ],
48 silly audit   '@csstools/postcss-hwb-function': [ '3.0.18' ],
48 silly audit   '@csstools/postcss-ic-unit': [ '3.0.7' ],
48 silly audit   '@csstools/postcss-initial': [ '1.0.1' ],
48 silly audit   '@csstools/postcss-is-pseudo-class': [ '4.0.8' ],
48 silly audit   '@csstools/postcss-light-dark-function': [ '1.0.8' ],
48 silly audit   '@csstools/postcss-logical-float-and-clear': [ '2.0.1' ],
48 silly audit   '@csstools/postcss-logical-overflow': [ '1.0.1' ],
48 silly audit   '@csstools/postcss-logical-overscroll-behavior': [ '1.0.1' ],
48 silly audit   '@csstools/postcss-logical-resize': [ '2.0.1' ],
48 silly audit   '@csstools/postcss-logical-viewport-units': [ '2.0.11' ],
48 silly audit   '@csstools/postcss-media-minmax': [ '1.1.8' ],
48 silly audit   '@csstools/postcss-media-queries-aspect-ratio-number-values': [ '2.0.11' ],
48 silly audit   '@csstools/postcss-nested-calc': [ '3.0.2' ],
48 silly audit   '@csstools/postcss-normalize-display-values': [ '3.0.2' ],
48 silly audit   '@csstools/postcss-oklab-function': [ '3.0.19' ],
48 silly audit   '@csstools/postcss-progressive-custom-properties': [ '3.3.0' ],
48 silly audit   '@csstools/postcss-relative-color-syntax': [ '2.0.19' ],
48 silly audit   '@csstools/postcss-scope-pseudo-class': [ '3.0.1' ],
48 silly audit   '@csstools/postcss-stepped-value-functions': [ '3.0.10' ],
48 silly audit   '@csstools/postcss-text-decoration-shorthand': [ '3.0.7' ],
48 silly audit   '@csstools/postcss-trigonometric-functions': [ '3.0.10' ],
48 silly audit   '@csstools/postcss-unset-value': [ '3.0.1' ],
48 silly audit   '@csstools/selector-resolve-nested': [ '1.1.0' ],
48 silly audit   '@csstools/selector-specificity': [ '3.1.1' ],
48 silly audit   '@csstools/utilities': [ '1.0.0' ],
48 silly audit   '@discoveryjs/json-ext': [ '0.5.7' ],
48 silly audit   '@emotion/babel-plugin': [ '11.11.0' ],
48 silly audit   '@emotion/cache': [ '11.11.0', '11.14.0' ],
48 silly audit   '@emotion/hash': [ '0.9.2' ],
48 silly audit   '@emotion/is-prop-valid': [ '1.3.1', '0.8.8' ],
48 silly audit   '@emotion/memoize': [ '0.9.0', '0.8.1', '0.7.4' ],
48 silly audit   '@emotion/react': [ '11.11.1' ],
48 silly audit   '@emotion/serialize': [ '1.3.3' ],
48 silly audit   '@emotion/sheet': [ '1.4.0' ],
48 silly audit   '@emotion/styled': [ '11.11.0' ],
48 silly audit   '@emotion/unitless': [ '0.10.0', '0.8.1' ],
48 silly audit   '@emotion/use-insertion-effect-with-fallbacks': [ '1.2.0' ],
48 silly audit   '@emotion/utils': [ '1.4.2' ],
48 silly audit   '@emotion/weak-memoize': [ '0.3.1', '0.4.0' ],
48 silly audit   '@eslint-community/eslint-utils': [ '4.4.1' ],
48 silly audit   '@eslint-community/regexpp': [ '4.12.1' ],
48 silly audit   '@eslint/eslintrc': [ '2.1.4' ],
48 silly audit   globals: [ '13.24.0', '11.12.0' ],
48 silly audit   'type-fest': [ '0.20.2', '0.21.3' ],
48 silly audit   '@eslint/js': [ '8.55.0' ],
48 silly audit   '@floating-ui/core': [ '1.6.9' ],
48 silly audit   '@floating-ui/dom': [ '1.6.13' ],
48 silly audit   '@floating-ui/react-dom': [ '2.1.2' ],
48 silly audit   '@floating-ui/utils': [ '0.2.9' ],
48 silly audit   '@humanwhocodes/config-array': [ '0.11.14' ],
48 silly audit   '@humanwhocodes/module-importer': [ '1.0.1' ],
48 silly audit   '@humanwhocodes/object-schema': [ '2.0.3' ],
48 silly audit   '@isaacs/cliui': [ '8.0.2' ],
48 silly audit   'ansi-regex': [ '6.1.0', '5.0.1' ],
48 silly audit   'ansi-styles': [ '6.2.1', '5.2.0', '4.3.0' ],
48 silly audit   'string-width': [ '5.1.2', '4.2.3' ],
48 silly audit   'strip-ansi': [ '7.1.0', '6.0.1' ],
48 silly audit   'wrap-ansi': [ '8.1.0', '7.0.0' ],
48 silly audit   '@istanbuljs/load-nyc-config': [ '1.1.0' ],
48 silly audit   argparse: [ '1.0.10', '2.0.1' ],
48 silly audit   'find-up': [ '4.1.0', '5.0.0' ],
48 silly audit   'js-yaml': [ '3.14.1', '4.1.0' ],
48 silly audit   'locate-path': [ '5.0.0', '6.0.0' ],
48 silly audit   'p-limit': [ '2.3.0', '3.1.0' ],
48 silly audit   'p-locate': [ '4.1.0', '5.0.0' ],
48 silly audit   'resolve-from': [ '5.0.0', '4.0.0' ],
48 silly audit   '@istanbuljs/schema': [ '0.1.3' ],
48 silly audit   '@jest/console': [ '29.7.0' ],
48 silly audit   '@jest/core': [ '29.7.0' ],
48 silly audit   'pretty-format': [ '29.7.0', '27.5.1' ],
48 silly audit   '@jest/create-cache-key-function': [ '29.7.0' ],
48 silly audit   '@jest/environment': [ '29.7.0' ],
48 silly audit   '@jest/expect': [ '29.7.0' ],
48 silly audit   '@jest/expect-utils': [ '29.7.0' ],
48 silly audit   '@jest/fake-timers': [ '29.7.0' ],
48 silly audit   '@jest/globals': [ '29.7.0' ],
48 silly audit   '@jest/reporters': [ '29.7.0' ],
48 silly audit   '@jest/schemas': [ '29.6.3' ],
48 silly audit   '@jest/source-map': [ '29.6.3' ],
48 silly audit   '@jest/test-result': [ '29.7.0' ],
48 silly audit   '@jest/test-sequencer': [ '29.7.0' ],
48 silly audit   '@jest/transform': [ '29.7.0' ],
48 silly audit   '@jest/types': [ '29.6.3' ],
48 silly audit   '@jridgewell/gen-mapping': [ '0.3.8' ],
48 silly audit   '@jridgewell/resolve-uri': [ '3.1.2' ],
48 silly audit   '@jridgewell/set-array': [ '1.2.1' ],
48 silly audit   '@jridgewell/source-map': [ '0.3.6' ],
48 silly audit   '@jridgewell/sourcemap-codec': [ '1.5.0' ],
48 silly audit   '@jridgewell/trace-mapping': [ '0.3.25' ],
48 silly audit   '@mui/base': [ '5.0.0-beta.26' ],
48 silly audit   '@mui/core-downloads-tracker': [ '5.16.14' ],
48 silly audit   '@mui/material': [ '5.14.20' ],
48 silly audit   '@mui/private-theming': [ '5.16.14' ],
48 silly audit   '@mui/styled-engine': [ '5.16.14' ],
48 silly audit   '@mui/system': [ '5.16.14' ],
48 silly audit   '@mui/types': [ '7.2.21' ],
48 silly audit   '@mui/utils': [ '5.16.14' ],
48 silly audit   'react-is': [ '19.0.0', '16.13.1', '17.0.2', '18.3.1' ],
48 silly audit   '@next/env': [ '13.5.8' ],
48 silly audit   '@next/eslint-plugin-next': [ '13.5.8' ],
48 silly audit   '@next/swc-darwin-arm64': [ '13.5.8' ],
48 silly audit   '@next/swc-darwin-x64': [ '13.5.8' ],
48 silly audit   '@next/swc-linux-arm64-gnu': [ '13.5.8' ],
48 silly audit   '@next/swc-linux-arm64-musl': [ '13.5.8' ],
48 silly audit   '@next/swc-linux-x64-gnu': [ '13.5.8' ],
48 silly audit   '@next/swc-linux-x64-musl': [ '13.5.8' ],
48 silly audit   '@next/swc-win32-arm64-msvc': [ '13.5.8' ],
48 silly audit   '@next/swc-win32-ia32-msvc': [ '13.5.8' ],
48 silly audit   '@next/swc-win32-x64-msvc': [ '13.5.8' ],
48 silly audit   '@nodelib/fs.scandir': [ '2.1.5' ],
48 silly audit   '@nodelib/fs.stat': [ '2.0.5' ],
48 silly audit   '@nodelib/fs.walk': [ '1.2.8' ],
48 silly audit   '@nolyfill/is-core-module': [ '1.0.39' ],
48 silly audit   '@pkgjs/parseargs': [ '0.11.0' ],
48 silly audit   '@popperjs/core': [ '2.11.8' ],
48 silly audit   '@react-three/fiber': [ '8.15.11' ],
48 silly audit   '@rtsao/scc': [ '1.1.0' ],
48 silly audit   '@rushstack/eslint-patch': [ '1.10.5' ],
48 silly audit   '@sinclair/typebox': [ '0.27.8' ],
48 silly audit   '@sinonjs/commons': [ '3.0.1' ],
48 silly audit   '@sinonjs/fake-timers': [ '10.3.0' ],
48 silly audit   '@swc/core': [ '1.3.96' ],
48 silly audit   '@swc/core-darwin-arm64': [ '1.3.96' ],
48 silly audit   '@swc/core-darwin-x64': [ '1.3.96' ],
48 silly audit   '@swc/core-linux-arm-gnueabihf': [ '1.3.96' ],
48 silly audit   '@swc/core-linux-arm64-gnu': [ '1.3.96' ],
48 silly audit   '@swc/core-linux-arm64-musl': [ '1.3.96' ],
48 silly audit   '@swc/core-linux-x64-gnu': [ '1.3.96' ],
48 silly audit   '@swc/core-linux-x64-musl': [ '1.3.96' ],
48 silly audit   '@swc/core-win32-arm64-msvc': [ '1.3.96' ],
48 silly audit   '@swc/core-win32-ia32-msvc': [ '1.3.96' ],
48 silly audit   '@swc/core-win32-x64-msvc': [ '1.3.96' ],
48 silly audit   '@swc/counter': [ '0.1.3' ],
48 silly audit   '@swc/helpers': [ '0.5.3', '0.5.2' ],
48 silly audit   '@swc/jest': [ '0.2.37' ],
48 silly audit   '@swc/types': [ '0.1.17' ],
48 silly audit   '@testing-library/dom': [ '9.3.4' ],
48 silly audit   'aria-query': [ '5.1.3', '5.3.2' ],
48 silly audit   '@testing-library/jest-dom': [ '6.1.4' ],
48 silly audit   chalk: [ '3.0.0', '4.1.2' ],
48 silly audit   '@testing-library/react': [ '14.1.2' ],
48 silly audit   '@tootallnate/once': [ '2.0.0' ],
48 silly audit   '@types/aria-query': [ '5.0.4' ],
48 silly audit   '@types/babel__core': [ '7.20.5' ],
48 silly audit   '@types/babel__generator': [ '7.6.8' ],
48 silly audit   '@types/babel__template': [ '7.4.4' ],
48 silly audit   '@types/babel__traverse': [ '7.20.6' ],
48 silly audit   '@types/d3': [ '7.4.3' ],
48 silly audit   '@types/d3-array': [ '3.2.1' ],
48 silly audit   '@types/d3-axis': [ '3.0.6' ],
48 silly audit   '@types/d3-brush': [ '3.0.6' ],
48 silly audit   '@types/d3-chord': [ '3.0.6' ],
48 silly audit   '@types/d3-color': [ '3.1.3' ],
48 silly audit   '@types/d3-contour': [ '3.0.6' ],
48 silly audit   '@types/d3-delaunay': [ '6.0.4' ],
48 silly audit   '@types/d3-dispatch': [ '3.0.6' ],
48 silly audit   '@types/d3-drag': [ '3.0.7' ],
48 silly audit   '@types/d3-dsv': [ '3.0.7' ],
48 silly audit   '@types/d3-ease': [ '3.0.2' ],
48 silly audit   '@types/d3-fetch': [ '3.0.7' ],
48 silly audit   '@types/d3-force': [ '3.0.10' ],
48 silly audit   '@types/d3-format': [ '3.0.4' ],
48 silly audit   '@types/d3-geo': [ '3.1.0' ],
48 silly audit   '@types/d3-hierarchy': [ '3.1.7' ],
48 silly audit   '@types/d3-interpolate': [ '3.0.4' ],
48 silly audit   '@types/d3-path': [ '3.1.0' ],
48 silly audit   '@types/d3-polygon': [ '3.0.2' ],
48 silly audit   '@types/d3-quadtree': [ '3.0.6' ],
48 silly audit   '@types/d3-random': [ '3.0.3' ],
48 silly audit   '@types/d3-scale': [ '4.0.8' ],
48 silly audit   '@types/d3-scale-chromatic': [ '3.1.0' ],
48 silly audit   '@types/d3-selection': [ '3.0.11' ],
48 silly audit   '@types/d3-shape': [ '3.1.7' ],
48 silly audit   '@types/d3-time': [ '3.0.4' ],
48 silly audit   '@types/d3-time-format': [ '4.0.3' ],
48 silly audit   '@types/d3-timer': [ '3.0.2' ],
48 silly audit   '@types/d3-transition': [ '3.0.9' ],
48 silly audit   '@types/d3-zoom': [ '3.0.8' ],
48 silly audit   '@types/eslint': [ '9.6.1' ],
48 silly audit   '@types/eslint-scope': [ '3.7.7' ],
48 silly audit   '@types/estree': [ '1.0.6' ],
48 silly audit   '@types/geojson': [ '7946.0.16' ],
48 silly audit   '@types/gl-matrix': [ '3.2.0' ],
48 silly audit   '@types/graceful-fs': [ '4.1.9' ],
48 silly audit   '@types/istanbul-lib-coverage': [ '2.0.6' ],
48 silly audit   '@types/istanbul-lib-report': [ '3.0.3' ],
48 silly audit   '@types/istanbul-reports': [ '3.0.4' ],
48 silly audit   '@types/jsdom': [ '20.0.1' ],
48 silly audit   '@types/json-schema': [ '7.0.15' ],
48 silly audit   '@types/json5': [ '0.0.29' ],
48 silly audit   '@types/node': [ '20.10.3' ],
48 silly audit   '@types/parse-json': [ '4.0.2' ],
48 silly audit   '@types/prop-types': [ '15.7.14' ],
48 silly audit   '@types/react': [ '18.2.42' ],
48 silly audit   '@types/react-dom': [ '18.2.17' ],
48 silly audit   '@types/react-reconciler': [ '0.26.7', '0.28.9' ],
48 silly audit   '@types/react-transition-group': [ '4.4.12' ],
48 silly audit   '@types/scheduler': [ '0.23.0' ],
48 silly audit   '@types/semver': [ '7.5.8' ],
48 silly audit   '@types/stack-utils': [ '2.0.3' ],
48 silly audit   '@types/stats.js': [ '0.17.3' ],
48 silly audit   '@types/stylis': [ '4.2.7' ],
48 silly audit   '@types/tailwindcss': [ '3.1.0' ],
48 silly audit   '@types/three': [ '0.158.3' ],
48 silly audit   '@types/tough-cookie': [ '4.0.5' ],
48 silly audit   '@types/webpack': [ '5.28.0' ],
48 silly audit   '@types/webxr': [ '0.5.21' ],
48 silly audit   '@types/yargs': [ '17.0.33' ],
48 silly audit   '@types/yargs-parser': [ '21.0.3' ],
48 silly audit   '@typescript-eslint/eslint-plugin': [ '6.13.2' ],
48 silly audit   '@typescript-eslint/parser': [ '6.13.2' ],
48 silly audit   '@typescript-eslint/scope-manager': [ '6.13.2' ],
48 silly audit   '@typescript-eslint/type-utils': [ '6.13.2' ],
48 silly audit   '@typescript-eslint/types': [ '6.13.2' ],
48 silly audit   '@typescript-eslint/typescript-estree': [ '6.13.2' ],
48 silly audit   '@typescript-eslint/utils': [ '6.13.2' ],
48 silly audit   '@typescript-eslint/visitor-keys': [ '6.13.2' ],
48 silly audit   '@ungap/structured-clone': [ '1.3.0' ],
48 silly audit   '@webassemblyjs/ast': [ '1.14.1' ],
48 silly audit   '@webassemblyjs/floating-point-hex-parser': [ '1.13.2' ],
48 silly audit   '@webassemblyjs/helper-api-error': [ '1.13.2' ],
48 silly audit   '@webassemblyjs/helper-buffer': [ '1.14.1' ],
48 silly audit   '@webassemblyjs/helper-numbers': [ '1.13.2' ],
48 silly audit   '@webassemblyjs/helper-wasm-bytecode': [ '1.13.2' ],
48 silly audit   '@webassemblyjs/helper-wasm-section': [ '1.14.1' ],
48 silly audit   '@webassemblyjs/ieee754': [ '1.13.2' ],
48 silly audit   '@webassemblyjs/leb128': [ '1.13.2' ],
48 silly audit   '@webassemblyjs/utf8': [ '1.13.2' ],
48 silly audit   '@webassemblyjs/wasm-edit': [ '1.14.1' ],
48 silly audit   '@webassemblyjs/wasm-gen': [ '1.14.1' ],
48 silly audit   '@webassemblyjs/wasm-opt': [ '1.14.1' ],
48 silly audit   '@webassemblyjs/wasm-parser': [ '1.14.1' ],
48 silly audit   '@webassemblyjs/wast-printer': [ '1.14.1' ],
48 silly audit   '@webpack-cli/configtest': [ '2.1.1' ],
48 silly audit   '@webpack-cli/info': [ '2.0.2' ],
48 silly audit   '@webpack-cli/serve': [ '2.0.5' ],
48 silly audit   '@xtuc/ieee754': [ '1.2.0' ],
48 silly audit   '@xtuc/long': [ '4.2.2' ],
48 silly audit   abab: [ '2.0.6' ],
48 silly audit   acorn: [ '8.14.0' ],
48 silly audit   'acorn-globals': [ '7.0.1' ],
48 silly audit   'acorn-import-assertions': [ '1.9.0' ],
48 silly audit   'acorn-jsx': [ '5.3.2' ],
48 silly audit   'acorn-walk': [ '8.3.4' ],
48 silly audit   'agent-base': [ '6.0.2' ],
48 silly audit   ajv: [ '6.12.6', '8.17.1' ],
48 silly audit   'ajv-formats': [ '2.1.1' ],
48 silly audit   'json-schema-traverse': [ '1.0.0', '0.4.1' ],
48 silly audit   'ajv-keywords': [ '5.1.0', '3.5.2' ],
48 silly audit   'ansi-escapes': [ '4.3.2' ],
48 silly audit   'any-promise': [ '1.3.0' ],
48 silly audit   anymatch: [ '3.1.3' ],
48 silly audit   arg: [ '5.0.2' ],
48 silly audit   'array-buffer-byte-length': [ '1.0.2' ],
48 silly audit   'array-includes': [ '3.1.8' ],
48 silly audit   'array-union': [ '2.1.0' ],
48 silly audit   'array.prototype.findlast': [ '1.2.5' ],
48 silly audit   'array.prototype.findlastindex': [ '1.2.5' ],
48 silly audit   'array.prototype.flat': [ '1.3.3' ],
48 silly audit   'array.prototype.flatmap': [ '1.3.3' ],
48 silly audit   'array.prototype.tosorted': [ '1.1.4' ],
48 silly audit   'arraybuffer.prototype.slice': [ '1.0.4' ],
48 silly audit   'ast-types-flow': [ '0.0.8' ],
48 silly audit   'async-function': [ '1.0.0' ],
48 silly audit   asynckit: [ '0.4.0' ],
48 silly audit   autoprefixer: [ '10.4.20' ],
48 silly audit   'available-typed-arrays': [ '1.0.7' ],
48 silly audit   'axe-core': [ '4.10.2' ],
48 silly audit   'axobject-query': [ '4.1.0' ],
48 silly audit   'babel-jest': [ '29.7.0' ],
48 silly audit   'babel-plugin-istanbul': [ '6.1.1' ],
48 silly audit   'istanbul-lib-instrument': [ '5.2.1', '6.0.3' ],
48 silly audit   'babel-plugin-jest-hoist': [ '29.6.3' ],
48 silly audit   'babel-plugin-macros': [ '3.1.0' ],
48 silly audit   'babel-preset-current-node-syntax': [ '1.1.0' ],
48 silly audit   'babel-preset-jest': [ '29.6.3' ],
48 silly audit   'balanced-match': [ '1.0.2' ],
48 silly audit   'base64-js': [ '1.5.1' ],
48 silly audit   'big.js': [ '5.2.2' ],
48 silly audit   'binary-extensions': [ '2.3.0' ],
48 silly audit   'brace-expansion': [ '1.1.11', '2.0.1' ],
48 silly audit   braces: [ '3.0.3' ],
48 silly audit   browserslist: [ '4.24.4' ],
48 silly audit   bser: [ '2.1.1' ],
48 silly audit   buffer: [ '6.0.3' ],
48 silly audit   'buffer-from': [ '1.1.2' ],
48 silly audit   busboy: [ '1.6.0' ],
48 silly audit   'call-bind': [ '1.0.8' ],
48 silly audit   'call-bind-apply-helpers': [ '1.0.1' ],
48 silly audit   'call-bound': [ '1.0.3' ],
48 silly audit   callsites: [ '3.1.0' ],
48 silly audit   camelcase: [ '5.3.1', '6.3.0' ],
48 silly audit   'camelcase-css': [ '2.0.1' ],
48 silly audit   camelize: [ '1.0.1' ],
48 silly audit   'caniuse-lite': [ '1.0.30001696' ],
48 silly audit   'char-regex': [ '1.0.2' ],
48 silly audit   chokidar: [ '3.6.0' ],
48 silly audit   'glob-parent': [ '5.1.2', '6.0.2' ],
48 silly audit   'chrome-trace-event': [ '1.0.4' ],
48 silly audit   'ci-info': [ '3.9.0' ],
48 silly audit   'cjs-module-lexer': [ '1.4.3' ],
48 silly audit   'client-only': [ '0.0.1' ],
48 silly audit   cliui: [ '8.0.1' ],
48 silly audit   'clone-deep': [ '4.0.1' ],
48 silly audit   clsx: [ '2.1.1' ],
48 silly audit   co: [ '4.6.0' ],
48 silly audit   'collect-v8-coverage': [ '1.0.2' ],
48 silly audit   'color-convert': [ '2.0.1' ],
48 silly audit   'color-name': [ '1.1.4' ],
48 silly audit   colorette: [ '2.0.20' ],
48 silly audit   'combined-stream': [ '1.0.8' ],
48 silly audit   'concat-map': [ '0.0.1' ],
48 silly audit   'core-util-is': [ '1.0.3' ],
48 silly audit   cosmiconfig: [ '7.1.0' ],
48 silly audit   'create-jest': [ '29.7.0' ],
48 silly audit   'cross-env': [ '7.0.3' ],
48 silly audit   'cross-spawn': [ '7.0.6' ],
48 silly audit   'css-blank-pseudo': [ '6.0.2' ],
48 silly audit   'css-color-keywords': [ '1.0.0' ],
48 silly audit   'css-has-pseudo': [ '6.0.5' ],
48 silly audit   'css-prefers-color-scheme': [ '9.0.1' ],
48 silly audit   'css-to-react-native': [ '3.2.0' ],
48 silly audit   'css.escape': [ '1.5.1' ],
48 silly audit   cssdb: [ '8.2.3' ],
48 silly audit   cssesc: [ '3.0.0' ],
48 silly audit   cssom: [ '0.5.0', '0.3.8' ],
48 silly audit   cssstyle: [ '2.3.0' ],
48 silly audit   csstype: [ '3.1.3' ],
48 silly audit   d3: [ '7.8.5' ],
48 silly audit   'd3-array': [ '3.2.4' ],
48 silly audit   'd3-axis': [ '3.0.0' ],
48 silly audit   'd3-brush': [ '3.0.0' ],
48 silly audit   'd3-chord': [ '3.0.1' ],
48 silly audit   'd3-color': [ '3.1.0' ],
48 silly audit   'd3-contour': [ '4.0.2' ],
48 silly audit   'd3-delaunay': [ '6.0.4' ],
48 silly audit   'd3-dispatch': [ '3.0.1' ],
48 silly audit   'd3-drag': [ '3.0.0' ],
48 silly audit   'd3-dsv': [ '3.0.1' ],
48 silly audit   'd3-ease': [ '3.0.1' ],
48 silly audit   'd3-fetch': [ '3.0.1' ],
48 silly audit   'd3-force': [ '3.0.0' ],
48 silly audit   'd3-format': [ '3.1.0' ],
48 silly audit   'd3-geo': [ '3.1.1' ],
48 silly audit   'd3-hierarchy': [ '3.1.2' ],
48 silly audit   'd3-interpolate': [ '3.0.1' ],
48 silly audit   'd3-path': [ '3.1.0' ],
48 silly audit   'd3-polygon': [ '3.0.1' ],
48 silly audit   'd3-quadtree': [ '3.0.1' ],
48 silly audit   'd3-random': [ '3.0.1' ],
48 silly audit   'd3-scale': [ '4.0.2' ],
48 silly audit   'd3-scale-chromatic': [ '3.1.0' ],
48 silly audit   'd3-selection': [ '3.0.0' ],
48 silly audit   'd3-shape': [ '3.2.0' ],
48 silly audit   'd3-time': [ '3.1.0' ],
48 silly audit   'd3-time-format': [ '4.1.0' ],
48 silly audit   'd3-timer': [ '3.0.1' ],
48 silly audit   'd3-transition': [ '3.0.1' ],
48 silly audit   'd3-zoom': [ '3.0.0' ],
48 silly audit   'damerau-levenshtein': [ '1.0.8' ],
48 silly audit   'data-urls': [ '3.0.2' ],
48 silly audit   'data-view-buffer': [ '1.0.2' ],
48 silly audit   'data-view-byte-length': [ '1.0.2' ],
48 silly audit   'data-view-byte-offset': [ '1.0.1' ],
48 silly audit   debug: [ '4.4.0', '3.2.7' ],
48 silly audit   'decimal.js': [ '10.5.0' ],
48 silly audit   'decimal.js-light': [ '2.5.1' ],
48 silly audit   dedent: [ '1.5.3' ],
48 silly audit   'deep-equal': [ '2.2.3' ],
48 silly audit   'deep-is': [ '0.1.4' ],
48 silly audit   deepmerge: [ '4.3.1' ],
48 silly audit   'define-data-property': [ '1.1.4' ],
48 silly audit   'define-properties': [ '1.2.1' ],
48 silly audit   delaunator: [ '5.0.1' ],
48 silly audit   'delayed-stream': [ '1.0.0' ],
48 silly audit   'detect-newline': [ '3.1.0' ],
48 silly audit   didyoumean: [ '1.2.2' ],
48 silly audit   'diff-sequences': [ '29.6.3' ],
48 silly audit   'dir-glob': [ '3.0.1' ],
48 silly audit   dlv: [ '1.1.3' ],
48 silly audit   doctrine: [ '3.0.0', '2.1.0' ],
48 silly audit   'dom-accessibility-api': [ '0.5.16' ],
48 silly audit   'dom-helpers': [ '5.2.1', '3.4.0' ],
48 silly audit   domexception: [ '4.0.0' ],
48 silly audit   'dunder-proto': [ '1.0.1' ],
48 silly audit   eastasianwidth: [ '0.2.0' ],
48 silly audit   'electron-to-chromium': [ '1.5.90' ],
48 silly audit   emittery: [ '0.13.1' ],
48 silly audit   'emoji-regex': [ '9.2.2', '8.0.0' ],
48 silly audit   'emojis-list': [ '3.0.0' ],
48 silly audit   'enhanced-resolve': [ '5.18.0' ],
48 silly audit   entities: [ '4.5.0' ],
48 silly audit   envinfo: [ '7.14.0' ],
48 silly audit   'error-ex': [ '1.3.2' ],
48 silly audit   'es-abstract': [ '1.23.9' ],
48 silly audit   'es-define-property': [ '1.0.1' ],
48 silly audit   'es-errors': [ '1.3.0' ],
48 silly audit   'es-get-iterator': [ '1.1.3' ],
48 silly audit   'es-iterator-helpers': [ '1.2.1' ],
48 silly audit   'es-module-lexer': [ '1.6.0' ],
48 silly audit   'es-object-atoms': [ '1.1.1' ],
48 silly audit   'es-set-tostringtag': [ '2.1.0' ],
48 silly audit   'es-shim-unscopables': [ '1.0.2' ],
48 silly audit   'es-to-primitive': [ '1.3.0' ],
48 silly audit   escalade: [ '3.2.0' ],
48 silly audit   'escape-string-regexp': [ '4.0.0', '2.0.0' ],
48 silly audit   escodegen: [ '2.1.0' ],
48 silly audit   'source-map': [ '0.6.1', '0.5.7' ],
48 silly audit   eslint: [ '8.55.0' ],
48 silly audit   'eslint-config-next': [ '13.5.8' ],
48 silly audit   'eslint-config-prettier': [ '9.1.0' ],
48 silly audit   'eslint-import-resolver-node': [ '0.3.9' ],
48 silly audit   'eslint-import-resolver-typescript': [ '3.7.0' ],
48 silly audit   'eslint-module-utils': [ '2.12.0' ],
48 silly audit   'eslint-plugin-import': [ '2.31.0' ],
48 silly audit   'eslint-plugin-jsx-a11y': [ '6.10.2' ],
48 silly audit   'eslint-plugin-react': [ '7.37.4' ],
48 silly audit   'eslint-plugin-react-hooks': [ '5.0.0-canary-7118f5dd7-20230705' ],
48 silly audit   resolve: [ '2.0.0-next.5', '0.6.3', '1.22.10' ],
48 silly audit   'eslint-scope': [ '7.2.2', '5.1.1' ],
48 silly audit   'eslint-visitor-keys': [ '3.4.3' ],
48 silly audit   espree: [ '9.6.1' ],
48 silly audit   esprima: [ '4.0.1' ],
48 silly audit   esquery: [ '1.6.0' ],
48 silly audit   esrecurse: [ '4.3.0' ],
48 silly audit   estraverse: [ '5.3.0', '4.3.0' ],
48 silly audit   esutils: [ '2.0.3' ],
48 silly audit   eventemitter3: [ '4.0.7' ],
48 silly audit   events: [ '3.3.0' ],
48 silly audit   execa: [ '5.1.1' ],
48 silly audit   exit: [ '0.1.2' ],
48 silly audit   expect: [ '29.7.0' ],
48 silly audit   'fast-deep-equal': [ '3.1.3' ],
48 silly audit   'fast-equals': [ '5.2.2' ],
48 silly audit   'fast-glob': [ '3.3.3' ],
48 silly audit   'fast-json-stable-stringify': [ '2.1.0' ],
48 silly audit   'fast-levenshtein': [ '2.0.6' ],
48 silly audit   'fast-uri': [ '3.0.6' ],
48 silly audit   'fastest-levenshtein': [ '1.0.16' ],
48 silly audit   fastq: [ '1.19.0' ],
48 silly audit   'fb-watchman': [ '2.0.2' ],
48 silly audit   fflate: [ '0.6.10' ],
48 silly audit   'file-entry-cache': [ '6.0.1' ],
48 silly audit   'fill-range': [ '7.1.1' ],
48 silly audit   'find-root': [ '1.1.0' ],
48 silly audit   flat: [ '5.0.2' ],
48 silly audit   'flat-cache': [ '3.2.0' ],
48 silly audit   rimraf: [ '3.0.2', '5.0.10' ],
48 silly audit   flatted: [ '3.3.2' ],
48 silly audit   'for-each': [ '0.3.4' ],
48 silly audit   'foreground-child': [ '3.3.0' ],
48 silly audit   'signal-exit': [ '4.1.0', '3.0.7' ],
48 silly audit   'form-data': [ '4.0.1' ],
48 silly audit   'fraction.js': [ '4.3.7' ],
48 silly audit   'framer-motion': [ '10.18.0' ],
48 silly audit   'fs-monkey': [ '1.0.6' ],
48 silly audit   'fs.realpath': [ '1.0.0' ],
48 silly audit   fsevents: [ '2.3.3' ],
48 silly audit   'function-bind': [ '1.1.2' ],
48 silly audit   'function.prototype.name': [ '1.1.8' ],
48 silly audit   'functions-have-names': [ '1.2.3' ],
48 silly audit   gensync: [ '1.0.0-beta.2' ],
48 silly audit   'get-caller-file': [ '2.0.5' ],
48 silly audit   'get-intrinsic': [ '1.2.7' ],
48 silly audit   'get-package-type': [ '0.1.0' ],
48 silly audit   'get-proto': [ '1.0.1' ],
48 silly audit   'get-stream': [ '6.0.1' ],
48 silly audit   'get-symbol-description': [ '1.1.0' ],
48 silly audit   'get-tsconfig': [ '4.10.0' ],
48 silly audit   'gl-matrix': [ '3.4.3' ],
48 silly audit   glob: [ '7.1.7', '10.4.5' ],
48 silly audit   'glob-to-regexp': [ '0.4.1' ],
48 silly audit   globalthis: [ '1.0.4' ],
48 silly audit   globby: [ '11.1.0' ],
48 silly audit   'glsl-inject-defines': [ '1.0.3' ],
48 silly audit   'glsl-resolve': [ '0.0.1' ],
48 silly audit   'glsl-token-assignments': [ '2.0.2' ],
48 silly audit   'glsl-token-defines': [ '1.0.0' ],
48 silly audit   'glsl-token-depth': [ '1.1.2' ],
48 silly audit   'glsl-token-descope': [ '1.0.2' ],
48 silly audit   'glsl-token-inject-block': [ '1.1.0' ],
48 silly audit   'glsl-token-properties': [ '1.0.1' ],
48 silly audit   'glsl-token-scope': [ '1.1.2' ],
48 silly audit   'glsl-token-string': [ '1.0.1' ],
48 silly audit   'glsl-token-whitespace-trim': [ '1.0.0' ],
48 silly audit   'glsl-tokenizer': [ '2.1.5' ],
48 silly audit   'glslify-bundle': [ '5.1.1' ],
48 silly audit   'glslify-deps': [ '1.3.2' ],
48 silly audit   'glslify-loader': [ '2.0.0' ],
48 silly audit   json5: [ '1.0.2', '2.2.3' ],
48 silly audit   'loader-utils': [ '1.4.2', '2.0.4' ],
48 silly audit   gopd: [ '1.2.0' ],
48 silly audit   'graceful-fs': [ '4.2.11' ],
48 silly audit   graphemer: [ '1.4.0' ],
48 silly audit   'harmony-reflect': [ '1.6.2' ],
48 silly audit   'has-bigints': [ '1.1.0' ],
48 silly audit   'has-flag': [ '4.0.0' ],
48 silly audit   'has-property-descriptors': [ '1.0.2' ],
48 silly audit   'has-proto': [ '1.2.0' ],
48 silly audit   'has-symbols': [ '1.1.0' ],
48 silly audit   'has-tostringtag': [ '1.0.2' ],
48 silly audit   hasown: [ '2.0.2' ],
48 silly audit   'hoist-non-react-statics': [ '3.3.2' ],
48 silly audit   'html-encoding-sniffer': [ '3.0.0' ],
48 silly audit   'html-escaper': [ '2.0.2' ],
48 silly audit   'http-proxy-agent': [ '5.0.0' ],
48 silly audit   'https-proxy-agent': [ '5.0.1' ],
48 silly audit   'human-signals': [ '2.1.0' ],
48 silly audit   'iconv-lite': [ '0.6.3' ],
48 silly audit   'identity-obj-proxy': [ '3.0.0' ],
48 silly audit   ieee754: [ '1.2.1' ],
48 silly audit   ignore: [ '5.3.2' ],
48 silly audit   'import-fresh': [ '3.3.0' ],
48 silly audit   'import-local': [ '3.2.0' ],
48 silly audit   imurmurhash: [ '0.1.4' ],
48 silly audit   'indent-string': [ '4.0.0' ],
48 silly audit   inflight: [ '1.0.6' ],
48 silly audit   inherits: [ '2.0.4' ],
48 silly audit   'internal-slot': [ '1.1.0' ],
48 silly audit   internmap: [ '2.0.3' ],
48 silly audit   interpret: [ '3.1.1' ],
48 silly audit   'is-arguments': [ '1.2.0' ],
48 silly audit   'is-array-buffer': [ '3.0.5' ],
48 silly audit   'is-arrayish': [ '0.2.1' ],
48 silly audit   'is-async-function': [ '2.1.1' ],
48 silly audit   'is-bigint': [ '1.1.0' ],
48 silly audit   'is-binary-path': [ '2.1.0' ],
48 silly audit   'is-boolean-object': [ '1.2.1' ],
48 silly audit   'is-bun-module': [ '1.3.0' ],
48 silly audit   'is-callable': [ '1.2.7' ],
48 silly audit   'is-core-module': [ '2.16.1' ],
48 silly audit   'is-data-view': [ '1.0.2' ],
48 silly audit   'is-date-object': [ '1.1.0' ],
48 silly audit   'is-extglob': [ '2.1.1' ],
48 silly audit   'is-finalizationregistry': [ '1.1.1' ],
48 silly audit   'is-fullwidth-code-point': [ '3.0.0' ],
48 silly audit   'is-generator-fn': [ '2.1.0' ],
48 silly audit   'is-generator-function': [ '1.1.0' ],
48 silly audit   'is-glob': [ '4.0.3' ],
48 silly audit   'is-map': [ '2.0.3' ],
48 silly audit   'is-number': [ '7.0.0' ],
48 silly audit   'is-number-object': [ '1.1.1' ],
48 silly audit   'is-path-inside': [ '3.0.3' ],
48 silly audit   'is-plain-object': [ '2.0.4' ],
48 silly audit   'is-potential-custom-element-name': [ '1.0.1' ],
48 silly audit   'is-regex': [ '1.2.1' ],
48 silly audit   'is-set': [ '2.0.3' ],
48 silly audit   'is-shared-array-buffer': [ '1.0.4' ],
48 silly audit   'is-stream': [ '2.0.1' ],
48 silly audit   'is-string': [ '1.1.1' ],
48 silly audit   'is-symbol': [ '1.1.1' ],
48 silly audit   'is-typed-array': [ '1.1.15' ],
48 silly audit   'is-weakmap': [ '2.0.2' ],
48 silly audit   'is-weakref': [ '1.1.0' ],
48 silly audit   'is-weakset': [ '2.0.4' ],
48 silly audit   isarray: [ '2.0.5', '0.0.1' ],
48 silly audit   isexe: [ '2.0.0' ],
48 silly audit   isobject: [ '3.0.1' ],
48 silly audit   'istanbul-lib-coverage': [ '3.2.2' ],
48 silly audit   'istanbul-lib-report': [ '3.0.1' ],
48 silly audit   'istanbul-lib-source-maps': [ '4.0.1' ],
48 silly audit   'istanbul-reports': [ '3.1.7' ],
48 silly audit   'iterator.prototype': [ '1.1.5' ],
48 silly audit   'its-fine': [ '1.2.5' ],
48 silly audit   jackspeak: [ '3.4.3' ],
48 silly audit   jest: [ '29.7.0' ],
48 silly audit   'jest-changed-files': [ '29.7.0' ],
48 silly audit   'jest-circus': [ '29.7.0' ],
48 silly audit   'jest-cli': [ '29.7.0' ],
48 silly audit   'jest-config': [ '29.7.0' ],
48 silly audit   'jest-diff': [ '29.7.0' ],
48 silly audit   'jest-docblock': [ '29.7.0' ],
48 silly audit   'jest-each': [ '29.7.0' ],
48 silly audit   'jest-environment-jsdom': [ '29.7.0' ],
48 silly audit   'jest-environment-node': [ '29.7.0' ],
48 silly audit   'jest-get-type': [ '29.6.3' ],
48 silly audit   'jest-haste-map': [ '29.7.0' ],
48 silly audit   'jest-leak-detector': [ '29.7.0' ],
48 silly audit   'jest-matcher-utils': [ '29.7.0' ],
48 silly audit   'jest-message-util': [ '29.7.0' ],
48 silly audit   'jest-mock': [ '29.7.0' ],
48 silly audit   'jest-pnp-resolver': [ '1.2.3' ],
48 silly audit   'jest-regex-util': [ '29.6.3' ],
48 silly audit   'jest-resolve': [ '29.7.0' ],
48 silly audit   'jest-resolve-dependencies': [ '29.7.0' ],
48 silly audit   'jest-runner': [ '29.7.0' ],
48 silly audit   'jest-runtime': [ '29.7.0' ],
48 silly audit   'jest-snapshot': [ '29.7.0' ],
48 silly audit   'jest-util': [ '29.7.0' ],
48 silly audit   'jest-validate': [ '29.7.0' ],
48 silly audit   'jest-watcher': [ '29.7.0' ],
48 silly audit   'jest-worker': [ '29.7.0', '27.5.1' ],
48 silly audit   'supports-color': [ '8.1.1', '7.2.0' ],
48 silly audit   jiti: [ '1.21.7' ],
48 silly audit   'js-tokens': [ '4.0.0' ],
48 silly audit   jsdom: [ '20.0.3' ],
48 silly audit   jsesc: [ '3.1.0' ],
48 silly audit   'json-buffer': [ '3.0.1' ],
48 silly audit   'json-parse-even-better-errors': [ '2.3.1' ],
48 silly audit   'json-stable-stringify-without-jsonify': [ '1.0.1' ],
48 silly audit   'jsonc-parser': [ '3.3.1' ],
48 silly audit   'jsx-ast-utils': [ '3.3.5' ],
48 silly audit   keyv: [ '4.5.4' ],
48 silly audit   'kind-of': [ '6.0.3' ],
48 silly audit   kleur: [ '3.0.3' ],
48 silly audit   'language-subtag-registry': [ '0.3.23' ],
48 silly audit   'language-tags': [ '1.0.9' ],
48 silly audit   leven: [ '3.1.0' ],
48 silly audit   levn: [ '0.4.1' ],
48 silly audit   lilconfig: [ '3.1.3' ],
48 silly audit   'lines-and-columns': [ '1.2.4' ],
48 silly audit   'loader-runner': [ '4.3.0' ],
48 silly audit   lodash: [ '4.17.21' ],
48 silly audit   'lodash.merge': [ '4.6.2' ],
48 silly audit   'loose-envify': [ '1.4.0' ],
48 silly audit   'lru-cache': [ '5.1.1', '10.4.3' ],
48 silly audit   'lz-string': [ '1.5.0' ],
48 silly audit   'make-dir': [ '4.0.0' ],
48 silly audit   makeerror: [ '1.0.12' ],
48 silly audit   'map-limit': [ '0.0.1' ],
48 silly audit   once: [ '1.3.3', '1.4.0' ],
48 silly audit   'math-intrinsics': [ '1.1.0' ],
48 silly audit   memfs: [ '3.5.3' ],
48 silly audit   'merge-stream': [ '2.0.0' ],
48 silly audit   merge2: [ '1.4.1' ],
48 silly audit   meshoptimizer: [ '0.18.1' ],
48 silly audit   micromatch: [ '4.0.8' ],
48 silly audit   'mime-db': [ '1.52.0' ],
48 silly audit   'mime-types': [ '2.1.35' ],
48 silly audit   'mimic-fn': [ '2.1.0' ],
48 silly audit   'min-indent': [ '1.0.1' ],
48 silly audit   minimatch: [ '3.1.2', '9.0.5' ],
48 silly audit   minimist: [ '1.2.8' ],
48 silly audit   minipass: [ '7.1.2' ],
48 silly audit   ms: [ '2.1.3' ],
48 silly audit   'murmurhash-js': [ '1.0.0' ],
48 silly audit   mz: [ '2.7.0' ],
48 silly audit   nanoid: [ '3.3.8' ],
48 silly audit   'natural-compare': [ '1.4.0' ],
48 silly audit   'neo-async': [ '2.6.2' ],
48 silly audit   next: [ '13.5.8' ],
48 silly audit   postcss: [ '8.4.31', '8.5.1' ],
48 silly audit   'node-int64': [ '0.4.0' ],
48 silly audit   'node-releases': [ '2.0.19' ],
48 silly audit   'normalize-path': [ '3.0.0' ],
48 silly audit   'normalize-range': [ '0.1.2' ],
48 silly audit   'npm-run-path': [ '4.0.1' ],
48 silly audit   nwsapi: [ '2.2.16' ],
48 silly audit   'object-assign': [ '4.1.1' ],
48 silly audit   'object-hash': [ '3.0.0' ],
48 silly audit   'object-inspect': [ '1.13.3' ],
48 silly audit   'object-is': [ '1.1.6' ],
48 silly audit   'object-keys': [ '1.1.1' ],
48 silly audit   'object.assign': [ '4.1.7' ],
48 silly audit   'object.entries': [ '1.1.8' ],
48 silly audit   'object.fromentries': [ '2.0.8' ],
48 silly audit   'object.groupby': [ '1.0.3' ],
48 silly audit   'object.values': [ '1.2.1' ],
48 silly audit   onetime: [ '5.1.2' ],
48 silly audit   optionator: [ '0.9.4' ],
48 silly audit   'own-keys': [ '1.0.1' ],
48 silly audit   'p-try': [ '2.2.0' ],
48 silly audit   'package-json-from-dist': [ '1.0.1' ],
48 silly audit   'parent-module': [ '1.0.1' ],
48 silly audit   'parse-json': [ '5.2.0' ],
48 silly audit   parse5: [ '7.2.1' ],
48 silly audit   'path-exists': [ '4.0.0' ],
48 silly audit   'path-is-absolute': [ '1.0.1' ],
48 silly audit   'path-key': [ '3.1.1' ],
48 silly audit   'path-parse': [ '1.0.7' ],
48 silly audit   'path-scurry': [ '1.11.1' ],
48 silly audit   'path-type': [ '4.0.0' ],
48 silly audit   picocolors: [ '1.1.1' ],
48 silly audit   picomatch: [ '2.3.1' ],
48 silly audit   pify: [ '2.3.0' ],
48 silly audit   pirates: [ '4.0.6' ],
48 silly audit   'pkg-dir': [ '4.2.0' ],
48 silly audit   'possible-typed-array-names': [ '1.0.0' ],
48 silly audit   'postcss-attribute-case-insensitive': [ '6.0.3' ],
48 silly audit   'postcss-clamp': [ '4.1.0' ],
48 silly audit   'postcss-color-functional-notation': [ '6.0.14' ],
48 silly audit   'postcss-color-hex-alpha': [ '9.0.4' ],
48 silly audit   'postcss-color-rebeccapurple': [ '9.0.3' ],
48 silly audit   'postcss-custom-media': [ '10.0.8' ],
48 silly audit   'postcss-custom-properties': [ '13.3.12' ],
48 silly audit   'postcss-custom-selectors': [ '7.1.12' ],
48 silly audit   'postcss-dir-pseudo-class': [ '8.0.1' ],
48 silly audit   'postcss-double-position-gradients': [ '5.0.7' ],
48 silly audit   'postcss-focus-visible': [ '9.0.1' ],
48 silly audit   'postcss-focus-within': [ '8.0.1' ],
48 silly audit   'postcss-font-variant': [ '5.0.0' ],
48 silly audit   'postcss-gap-properties': [ '5.0.1' ],
48 silly audit   'postcss-image-set-function': [ '6.0.3' ],
48 silly audit   'postcss-import': [ '15.1.0' ],
48 silly audit   'postcss-js': [ '4.0.1' ],
48 silly audit   'postcss-lab-function': [ '6.0.19' ],
48 silly audit   'postcss-load-config': [ '4.0.2' ],
48 silly audit   yaml: [ '2.7.0', '1.10.2' ],
48 silly audit   'postcss-logical': [ '7.0.1' ],
48 silly audit   'postcss-nested': [ '6.2.0' ],
48 silly audit   'postcss-nesting': [ '12.1.5' ],
48 silly audit   'postcss-opacity-percentage': [ '2.0.0' ],
48 silly audit   'postcss-overflow-shorthand': [ '5.0.1' ],
48 silly audit   'postcss-page-break': [ '3.0.4' ],
48 silly audit   'postcss-place': [ '9.0.1' ],
48 silly audit   'postcss-preset-env': [ '9.6.0' ],
48 silly audit   'postcss-pseudo-class-any-link': [ '9.0.2' ],
48 silly audit   'postcss-replace-overflow-wrap': [ '4.0.0' ],
48 silly audit   'postcss-selector-not': [ '7.0.2' ],
48 silly audit   'postcss-selector-parser': [ '6.1.2' ],
48 silly audit   'postcss-value-parser': [ '4.2.0' ],
48 silly audit   'prelude-ls': [ '1.2.1' ],
48 silly audit   prettier: [ '3.1.0' ],
48 silly audit   prompts: [ '2.4.2' ],
48 silly audit   'prop-types': [ '15.8.1' ],
48 silly audit   psl: [ '1.15.0' ],
48 silly audit   punycode: [ '2.3.1' ],
48 silly audit   'pure-rand': [ '6.1.0' ],
48 silly audit   querystringify: [ '2.2.0' ],
48 silly audit   'queue-microtask': [ '1.2.3' ],
48 silly audit   randombytes: [ '2.1.0' ],
48 silly audit   'range-parser': [ '1.2.1' ],
48 silly audit   'raw-loader': [ '4.0.2' ],
48 silly audit   'schema-utils': [ '3.3.0', '4.0.0' ],
48 silly audit   react: [ '18.2.0' ],
48 silly audit   'react-dom': [ '18.2.0' ],
48 silly audit   scheduler: [ '0.23.2', '0.21.0' ],
48 silly audit   'react-lifecycles-compat': [ '3.0.4' ],
48 silly audit   'react-reconciler': [ '0.27.0' ],
48 silly audit   'react-smooth': [ '2.0.5' ],
48 silly audit   'react-transition-group': [ '2.9.0', '4.4.5' ],
48 silly audit   'react-use-measure': [ '2.1.7' ],
48 silly audit   'read-cache': [ '1.0.0' ],
48 silly audit   'readable-stream': [ '1.0.34' ],
48 silly audit   readdirp: [ '3.6.0' ],
48 silly audit   recharts: [ '2.10.3' ],
48 silly audit   'recharts-scale': [ '0.4.5' ],
48 silly audit   rechoir: [ '0.8.0' ],
48 silly audit   redent: [ '3.0.0' ],
48 silly audit   'reflect.getprototypeof': [ '1.0.10' ],
48 silly audit   'regenerator-runtime': [ '0.14.1' ],
48 silly audit   'regexp.prototype.flags': [ '1.5.4' ],
48 silly audit   'require-directory': [ '2.1.1' ],
48 silly audit   'require-from-string': [ '2.0.2' ],
48 silly audit   'requires-port': [ '1.0.0' ],
48 silly audit   'resolve-cwd': [ '3.0.0' ],
48 silly audit   'resolve-pkg-maps': [ '1.0.0' ],
48 silly audit   'resolve.exports': [ '2.0.3' ],
48 silly audit   reusify: [ '1.0.4' ],
48 silly audit   'robust-predicates': [ '3.0.2' ],
48 silly audit   'run-parallel': [ '1.2.0' ],
48 silly audit   rw: [ '1.3.3' ],
48 silly audit   'safe-array-concat': [ '1.1.3' ],
48 silly audit   'safe-buffer': [ '5.2.1' ],
48 silly audit   'safe-push-apply': [ '1.0.0' ],
48 silly audit   'safe-regex-test': [ '1.1.0' ],
48 silly audit   'safer-buffer': [ '2.1.2' ],
48 silly audit   saxes: [ '6.0.0' ],
48 silly audit   'serialize-javascript': [ '6.0.2' ],
48 silly audit   'set-function-length': [ '1.2.2' ],
48 silly audit   'set-function-name': [ '2.0.2' ],
48 silly audit   'set-proto': [ '1.0.0' ],
48 silly audit   'shallow-clone': [ '3.0.1' ],
48 silly audit   'shallow-copy': [ '0.0.1' ],
48 silly audit   shallowequal: [ '1.1.0' ],
48 silly audit   'shebang-command': [ '2.0.0' ],
48 silly audit   'shebang-regex': [ '3.0.0' ],
48 silly audit   'side-channel': [ '1.1.0' ],
48 silly audit   'side-channel-list': [ '1.0.0' ],
48 silly audit   'side-channel-map': [ '1.0.1' ],
48 silly audit   'side-channel-weakmap': [ '1.0.2' ],
48 silly audit   sisteransi: [ '1.0.5' ],
48 silly audit   slash: [ '3.0.0' ],
48 silly audit   'source-map-js': [ '1.2.1' ],
48 silly audit   'source-map-support': [ '0.5.13', '0.5.21' ],
48 silly audit   'sprintf-js': [ '1.0.3' ],
48 silly audit   'stable-hash': [ '0.0.4' ],
48 silly audit   'stack-utils': [ '2.0.6' ],
48 silly audit   'stop-iteration-iterator': [ '1.1.0' ],
48 silly audit   streamsearch: [ '1.1.0' ],
48 silly audit   string_decoder: [ '0.10.31' ],
48 silly audit   'string-length': [ '4.0.2' ],
48 silly audit   'string-replace-loader': [ '3.1.0' ],
48 silly audit   'string.prototype.includes': [ '2.0.1' ],
48 silly audit   'string.prototype.matchall': [ '4.0.12' ],
48 silly audit   'string.prototype.repeat': [ '1.0.0' ],
48 silly audit   'string.prototype.trim': [ '1.2.10' ],
48 silly audit   'string.prototype.trimend': [ '1.0.9' ],
48 silly audit   'string.prototype.trimstart': [ '1.0.8' ],
48 silly audit   'strip-bom': [ '4.0.0', '3.0.0' ],
48 silly audit   'strip-final-newline': [ '2.0.0' ],
48 silly audit   'strip-indent': [ '3.0.0' ],
48 silly audit   'strip-json-comments': [ '3.1.1' ],
48 silly audit   'styled-components': [ '6.1.1' ],
48 silly audit   stylis: [ '4.3.5', '4.2.0' ],
48 silly audit   'styled-jsx': [ '5.1.1' ],
48 silly audit   sucrase: [ '3.35.0' ],
48 silly audit   'supports-preserve-symlinks-flag': [ '1.0.0' ],
48 silly audit   'suspend-react': [ '0.1.3' ],
48 silly audit   'symbol-tree': [ '3.2.4' ],
48 silly audit   tailwindcss: [ '3.4.17' ],
48 silly audit   tapable: [ '2.2.1' ],
48 silly audit   terser: [ '5.37.0' ],
48 silly audit   'terser-webpack-plugin': [ '5.3.9' ],
48 silly audit   'test-exclude': [ '6.0.0' ],
48 silly audit   'text-table': [ '0.2.0' ],
48 silly audit   thenify: [ '3.3.1' ],
48 silly audit   'thenify-all': [ '1.6.0' ],
48 silly audit   three: [ '0.158.0' ],
48 silly audit   through2: [ '0.6.5' ],
48 silly audit   xtend: [ '4.0.2', '2.2.0' ],
48 silly audit   'tiny-invariant': [ '1.3.3' ],
48 silly audit   tmpl: [ '1.0.5' ],
48 silly audit   'to-regex-range': [ '5.0.1' ],
48 silly audit   'tough-cookie': [ '4.1.4' ],
48 silly audit   tr46: [ '3.0.0' ],
48 silly audit   'ts-api-utils': [ '1.4.3' ],
48 silly audit   'ts-interface-checker': [ '0.1.13' ],
48 silly audit   'tsconfig-paths': [ '3.15.0' ],
48 silly audit   tslib: [ '2.8.1' ],
48 silly audit   'type-check': [ '0.4.0' ],
48 silly audit   'type-detect': [ '4.0.8' ],
48 silly audit   'typed-array-buffer': [ '1.0.3' ],
48 silly audit   'typed-array-byte-length': [ '1.0.3' ],
48 silly audit   'typed-array-byte-offset': [ '1.0.4' ],
48 silly audit   'typed-array-length': [ '1.0.7' ],
48 silly audit   typescript: [ '4.9.5' ],
48 silly audit   'unbox-primitive': [ '1.1.0' ],
48 silly audit   'undici-types': [ '5.26.5' ],
48 silly audit   universalify: [ '0.2.0' ],
48 silly audit   'update-browserslist-db': [ '1.1.2' ],
48 silly audit   'uri-js': [ '4.4.1' ],
48 silly audit   'url-parse': [ '1.5.10' ],
48 silly audit   'util-deprecate': [ '1.0.2' ],
48 silly audit   'v8-to-istanbul': [ '9.3.0' ],
48 silly audit   'victory-vendor': [ '36.9.2' ],
48 silly audit   'w3c-xmlserializer': [ '4.0.0' ],
48 silly audit   walker: [ '1.0.8' ],
48 silly audit   watchpack: [ '2.4.0' ],
48 silly audit   'webidl-conversions': [ '7.0.0' ],
48 silly audit   webpack: [ '5.89.0' ],
48 silly audit   'webpack-cli': [ '5.1.4' ],
48 silly audit   'webpack-dev-middleware': [ '5.3.3' ],
48 silly audit   'webpack-merge': [ '5.10.0' ],
48 silly audit   'webpack-node-externals': [ '3.0.0' ],
48 silly audit   'webpack-sources': [ '3.2.3' ],
48 silly audit   'whatwg-encoding': [ '2.0.0' ],
48 silly audit   'whatwg-mimetype': [ '3.0.0' ],
48 silly audit   'whatwg-url': [ '11.0.0' ],
48 silly audit   which: [ '2.0.2' ],
48 silly audit   'which-boxed-primitive': [ '1.1.1' ],
48 silly audit   'which-builtin-type': [ '1.2.1' ],
48 silly audit   'which-collection': [ '1.0.2' ],
48 silly audit   'which-typed-array': [ '1.1.18' ],
48 silly audit   wildcard: [ '2.0.1' ],
48 silly audit   'word-wrap': [ '1.2.5' ],
48 silly audit   wrappy: [ '1.0.2' ],
48 silly audit   'write-file-atomic': [ '4.0.2' ],
48 silly audit   ws: [ '8.18.0' ],
48 silly audit   'xml-name-validator': [ '4.0.0' ],
48 silly audit   xmlchars: [ '2.2.0' ],
48 silly audit   y18n: [ '5.0.8' ],
48 silly audit   yallist: [ '3.1.1' ],
48 silly audit   yargs: [ '17.7.2' ],
48 silly audit   'yargs-parser': [ '21.1.1' ],
48 silly audit   'yocto-queue': [ '0.1.0' ],
48 silly audit   zustand: [ '3.7.2' ]
48 silly audit }
49 verbose reify failed optional dependency C:\Users\Rober\Music\projects\NeoSnipe\node_modules\fsevents
50 silly reify mark deleted [
50 silly reify   'C:\\Users\\Rober\\Music\\projects\\NeoSnipe\\node_modules\\fsevents'
50 silly reify ]
51 verbose reify failed optional dependency C:\Users\Rober\Music\projects\NeoSnipe\node_modules\@swc\core-win32-ia32-msvc
52 silly reify mark deleted [
52 silly reify   'C:\\Users\\Rober\\Music\\projects\\NeoSnipe\\node_modules\\@swc\\core-win32-ia32-msvc'
52 silly reify ]
53 verbose reify failed optional dependency C:\Users\Rober\Music\projects\NeoSnipe\node_modules\@swc\core-win32-arm64-msvc
54 silly reify mark deleted [
54 silly reify   'C:\\Users\\Rober\\Music\\projects\\NeoSnipe\\node_modules\\@swc\\core-win32-arm64-msvc'
54 silly reify ]
55 verbose reify failed optional dependency C:\Users\Rober\Music\projects\NeoSnipe\node_modules\@swc\core-linux-x64-musl
56 silly reify mark deleted [
56 silly reify   'C:\\Users\\Rober\\Music\\projects\\NeoSnipe\\node_modules\\@swc\\core-linux-x64-musl'
56 silly reify ]
57 verbose reify failed optional dependency C:\Users\Rober\Music\projects\NeoSnipe\node_modules\@swc\core-linux-x64-gnu
58 silly reify mark deleted [
58 silly reify   'C:\\Users\\Rober\\Music\\projects\\NeoSnipe\\node_modules\\@swc\\core-linux-x64-gnu'
58 silly reify ]
59 verbose reify failed optional dependency C:\Users\Rober\Music\projects\NeoSnipe\node_modules\@swc\core-linux-arm64-musl
60 silly reify mark deleted [
60 silly reify   'C:\\Users\\Rober\\Music\\projects\\NeoSnipe\\node_modules\\@swc\\core-linux-arm64-musl'
60 silly reify ]
61 verbose reify failed optional dependency C:\Users\Rober\Music\projects\NeoSnipe\node_modules\@swc\core-linux-arm64-gnu
62 silly reify mark deleted [
62 silly reify   'C:\\Users\\Rober\\Music\\projects\\NeoSnipe\\node_modules\\@swc\\core-linux-arm64-gnu'
62 silly reify ]
63 verbose reify failed optional dependency C:\Users\Rober\Music\projects\NeoSnipe\node_modules\@swc\core-linux-arm-gnueabihf
64 silly reify mark deleted [
64 silly reify   'C:\\Users\\Rober\\Music\\projects\\NeoSnipe\\node_modules\\@swc\\core-linux-arm-gnueabihf'
64 silly reify ]
65 verbose reify failed optional dependency C:\Users\Rober\Music\projects\NeoSnipe\node_modules\@swc\core-darwin-x64
66 silly reify mark deleted [
66 silly reify   'C:\\Users\\Rober\\Music\\projects\\NeoSnipe\\node_modules\\@swc\\core-darwin-x64'
66 silly reify ]
67 verbose reify failed optional dependency C:\Users\Rober\Music\projects\NeoSnipe\node_modules\@swc\core-darwin-arm64
68 silly reify mark deleted [
68 silly reify   'C:\\Users\\Rober\\Music\\projects\\NeoSnipe\\node_modules\\@swc\\core-darwin-arm64'
68 silly reify ]
69 verbose reify failed optional dependency C:\Users\Rober\Music\projects\NeoSnipe\node_modules\@next\swc-win32-ia32-msvc
70 silly reify mark deleted [
70 silly reify   'C:\\Users\\Rober\\Music\\projects\\NeoSnipe\\node_modules\\@next\\swc-win32-ia32-msvc'
70 silly reify ]
71 verbose reify failed optional dependency C:\Users\Rober\Music\projects\NeoSnipe\node_modules\@next\swc-win32-arm64-msvc
72 silly reify mark deleted [
72 silly reify   'C:\\Users\\Rober\\Music\\projects\\NeoSnipe\\node_modules\\@next\\swc-win32-arm64-msvc'
72 silly reify ]
73 verbose reify failed optional dependency C:\Users\Rober\Music\projects\NeoSnipe\node_modules\@next\swc-linux-x64-musl
74 silly reify mark deleted [
74 silly reify   'C:\\Users\\Rober\\Music\\projects\\NeoSnipe\\node_modules\\@next\\swc-linux-x64-musl'
74 silly reify ]
75 verbose reify failed optional dependency C:\Users\Rober\Music\projects\NeoSnipe\node_modules\@next\swc-linux-x64-gnu
76 silly reify mark deleted [
76 silly reify   'C:\\Users\\Rober\\Music\\projects\\NeoSnipe\\node_modules\\@next\\swc-linux-x64-gnu'
76 silly reify ]
77 verbose reify failed optional dependency C:\Users\Rober\Music\projects\NeoSnipe\node_modules\@next\swc-linux-arm64-musl
78 silly reify mark deleted [
78 silly reify   'C:\\Users\\Rober\\Music\\projects\\NeoSnipe\\node_modules\\@next\\swc-linux-arm64-musl'
78 silly reify ]
79 verbose reify failed optional dependency C:\Users\Rober\Music\projects\NeoSnipe\node_modules\@next\swc-linux-arm64-gnu
80 silly reify mark deleted [
80 silly reify   'C:\\Users\\Rober\\Music\\projects\\NeoSnipe\\node_modules\\@next\\swc-linux-arm64-gnu'
80 silly reify ]
81 verbose reify failed optional dependency C:\Users\Rober\Music\projects\NeoSnipe\node_modules\@next\swc-darwin-x64
82 silly reify mark deleted [
82 silly reify   'C:\\Users\\Rober\\Music\\projects\\NeoSnipe\\node_modules\\@next\\swc-darwin-x64'
82 silly reify ]
83 verbose reify failed optional dependency C:\Users\Rober\Music\projects\NeoSnipe\node_modules\@next\swc-darwin-arm64
84 silly reify mark deleted [
84 silly reify   'C:\\Users\\Rober\\Music\\projects\\NeoSnipe\\node_modules\\@next\\swc-darwin-arm64'
84 silly reify ]
85 timing reifyNode:node_modules/fsevents Completed in 80ms
86 timing reifyNode:node_modules/@swc/core-win32-ia32-msvc Completed in 79ms
87 timing reifyNode:node_modules/@swc/core-win32-arm64-msvc Completed in 78ms
88 timing reifyNode:node_modules/@swc/core-linux-x64-musl Completed in 78ms
89 timing reifyNode:node_modules/@swc/core-linux-x64-gnu Completed in 78ms
90 timing reifyNode:node_modules/@swc/core-linux-arm64-musl Completed in 78ms
91 timing reifyNode:node_modules/@swc/core-linux-arm64-gnu Completed in 78ms
92 timing reifyNode:node_modules/@swc/core-linux-arm-gnueabihf Completed in 77ms
93 timing reifyNode:node_modules/@swc/core-darwin-x64 Completed in 77ms
94 timing reifyNode:node_modules/@swc/core-darwin-arm64 Completed in 77ms
95 timing reifyNode:node_modules/@next/swc-win32-ia32-msvc Completed in 77ms
96 timing reifyNode:node_modules/@next/swc-win32-arm64-msvc Completed in 76ms
97 timing reifyNode:node_modules/@next/swc-linux-x64-musl Completed in 77ms
98 timing reifyNode:node_modules/@next/swc-linux-x64-gnu Completed in 77ms
99 timing reifyNode:node_modules/@next/swc-linux-arm64-musl Completed in 77ms
100 timing reifyNode:node_modules/@next/swc-linux-arm64-gnu Completed in 77ms
101 timing reifyNode:node_modules/@next/swc-darwin-x64 Completed in 77ms
102 timing reifyNode:node_modules/@next/swc-darwin-arm64 Completed in 76ms
103 timing reify:unpack Completed in 81ms
104 timing reify:unretire Completed in 0ms
105 timing build:queue Completed in 6ms
106 timing build:deps Completed in 7ms
107 timing build Completed in 7ms
108 timing reify:build Completed in 8ms
109 timing reify:trash Completed in 4ms
110 timing reify:save Completed in 702ms
111 http fetch POST 200 https://registry.npmjs.org/-/npm/v1/security/advisories/bulk 1935ms
112 timing auditReport:getReport Completed in 1955ms
113 silly audit report {
113 silly audit report   next: [
113 silly audit report     {
113 silly audit report       id: 1100421,
113 silly audit report       url: 'https://github.com/advisories/GHSA-g77x-44xx-532m',
113 silly audit report       title: 'Denial of Service condition in Next.js image optimization',
113 silly audit report       severity: 'moderate',
113 silly audit report       vulnerable_versions: '>=10.0.0 <14.2.7',
113 silly audit report       cwe: [Array],
113 silly audit report       cvss: [Object]
113 silly audit report     },
113 silly audit report     {
113 silly audit report       id: 1101380,
113 silly audit report       url: 'https://github.com/advisories/GHSA-7gfc-8cq8-jh5f',
113 silly audit report       title: 'Next.js authorization bypass vulnerability',
113 silly audit report       severity: 'high',
113 silly audit report       vulnerable_versions: '>=9.5.5 <14.2.15',
113 silly audit report       cwe: [Array],
113 silly audit report       cvss: [Object]
113 silly audit report     },
113 silly audit report     {
113 silly audit report       id: 1097295,
113 silly audit report       url: 'https://github.com/advisories/GHSA-fr5h-rqp8-mj6g',
113 silly audit report       title: 'Next.js Server-Side Request Forgery in Server Actions',
113 silly audit report       severity: 'high',
113 silly audit report       vulnerable_versions: '>=13.4.0 <14.1.1',
113 silly audit report       cwe: [Array],
113 silly audit report       cvss: [Object]
113 silly audit report     }
113 silly audit report   ],
113 silly audit report   webpack: [
113 silly audit report     {
113 silly audit report       id: 1099351,
113 silly audit report       url: 'https://github.com/advisories/GHSA-4vvj-4cpr-p986',
113 silly audit report       title: "Webpack's AutoPublicPathRuntimeModule has a DOM Clobbering Gadget that leads to XSS",
113 silly audit report       severity: 'moderate',
113 silly audit report       vulnerable_versions: '>=5.0.0-alpha.0 <5.94.0',
113 silly audit report       cwe: [Array],
113 silly audit report       cvss: [Object]
113 silly audit report     }
113 silly audit report   ],
113 silly audit report   'webpack-dev-middleware': [
113 silly audit report     {
113 silly audit report       id: 1096729,
113 silly audit report       url: 'https://github.com/advisories/GHSA-wr3j-pwj9-hqq6',
113 silly audit report       title: 'Path traversal in webpack-dev-middleware',
113 silly audit report       severity: 'high',
113 silly audit report       vulnerable_versions: '<=5.3.3',
113 silly audit report       cwe: [Array],
113 silly audit report       cvss: [Object]
113 silly audit report     }
113 silly audit report   ]
113 silly audit report }
114 timing metavuln:cache:get:security-advisory:next:D6WTw+Rp2YFkQ065HbCta60wmL8FISFZuXIwHsy06C4Ka33a+guaJDa6cQ3lv6msO26tV1meNesuiT38Bz8F2g== Completed in 23ms
115 timing metavuln:cache:get:security-advisory:next:KuoIS+OJYYdcOMvBUpM2m/4qAW2cZRXPz4dIg3E9TqUkPK1mM5snZkK64pq9phR6fTlXb04DR04ka7VXaspoFg== Completed in 24ms
116 timing metavuln:cache:get:security-advisory:next:d2hMvT1neRk1OILN6KsQ2L4sjWpIe19WxzSQJivjdzJVb/hhXgpN5SXMC++Yae4yKIQkpUsP465F2rfLyKo4PA== Completed in 28ms
117 timing metavuln:cache:get:security-advisory:webpack:7Pl1j4sHKhCQAEccTmt3XZIEEazRzvyC0TOx07N0G7o5OIhhZ0j0Ji3KSCbTwfmCR/2OHJ3Mx5ZmedDQEQeBbg== Completed in 26ms
118 timing metavuln:cache:get:security-advisory:webpack-dev-middleware:iOwKAaGDleG57+EgiDYQ2ga6AbRYiL/qNtngjfZXg4b9QRQCyU8l60ejDKi2QTdLstNJbhlTx8gtYWNQi50Q9A== Completed in 26ms
119 http fetch GET 200 https://registry.npmjs.org/webpack-dev-middleware 51ms (cache hit)
120 timing metavuln:packument:webpack-dev-middleware Completed in 56ms
121 timing metavuln:load:security-advisory:webpack-dev-middleware:1096729 Completed in 2ms
122 timing metavuln:calculate:security-advisory:webpack-dev-middleware:1096729 Completed in 59ms
123 http fetch GET 200 https://registry.npmjs.org/webpack 63ms (cache hit)
124 timing metavuln:packument:webpack Completed in 99ms
125 timing metavuln:load:security-advisory:webpack:1099351 Completed in 7ms
126 timing metavuln:calculate:security-advisory:webpack:1099351 Completed in 106ms
127 http fetch GET 200 https://registry.npmjs.org/next 143ms (cache hit)
128 timing metavuln:packument:next Completed in 479ms
129 timing metavuln:load:security-advisory:next:1100421 Completed in 66ms
130 timing metavuln:calculate:security-advisory:next:1100421 Completed in 546ms
131 timing metavuln:load:security-advisory:next:1101380 Completed in 42ms
132 timing metavuln:calculate:security-advisory:next:1101380 Completed in 585ms
133 timing metavuln:load:security-advisory:next:1097295 Completed in 40ms
134 timing metavuln:calculate:security-advisory:next:1097295 Completed in 625ms
135 timing metavuln:cache:get:security-advisory:@types/webpack:Yq4Tjjk9PaqvaPjmem2pyHlxsVyNzie394qJw6hB2WocAusHn+qsBhH8jB/PxsxNqN0jEfkUJAEdsFkEmqTtow== Completed in 7ms
136 http fetch GET 200 https://registry.npmjs.org/@types%2fwebpack 12ms (cache hit)
137 timing metavuln:packument:@types/webpack Completed in 17ms
138 timing metavuln:load:security-advisory:@types/webpack:7Pl1j4sHKhCQAEccTmt3XZIEEazRzvyC0TOx07N0G7o5OIhhZ0j0Ji3KSCbTwfmCR/2OHJ3Mx5ZmedDQEQeBbg== Completed in 1ms
139 timing metavuln:calculate:security-advisory:@types/webpack:7Pl1j4sHKhCQAEccTmt3XZIEEazRzvyC0TOx07N0G7o5OIhhZ0j0Ji3KSCbTwfmCR/2OHJ3Mx5ZmedDQEQeBbg== Completed in 19ms
140 timing auditReport:init Completed in 719ms
141 timing reify:audit Completed in 2677ms
142 timing reify Completed in 4282ms
143 timing command:install Completed in 4483ms
144 verbose stack Error: command failed
144 verbose stack     at ChildProcess.<anonymous> (C:\Users\Rober\AppData\Roaming\npm\node_modules\npm\node_modules\@npmcli\promise-spawn\lib\index.js:53:27)
144 verbose stack     at ChildProcess.emit (node:events:514:28)
144 verbose stack     at maybeClose (node:internal/child_process:1091:16)
144 verbose stack     at ChildProcess._handle.onexit (node:internal/child_process:302:5)
145 verbose pkgid neosnipe@0.1.0
146 verbose cwd C:\Users\Rober\Music\projects\NeoSnipe
147 verbose Windows_NT 10.0.26100
148 verbose node v18.17.0
149 verbose npm  v10.2.4
150 error code 1
151 error path C:\Users\Rober\Music\projects\NeoSnipe
152 error command failed
153 error command C:\WINDOWS\system32\cmd.exe /d /s /c node node-version.js
154 verbose exit 1
155 timing npm Completed in 5248ms
156 verbose code 1
157 error A complete log of this run can be found in: C:\Users\Rober\AppData\Local\npm-cache\_logs\2025-01-31T22_30_03_486Z-debug-0.log
